Created by PLY version 3.11 (http://www.dabeaz.com/ply)

Unused terminals:

    COMMENT

Grammar

Rule 0     S' -> axioma
Rule 1     axioma -> programa
Rule 2     programa -> declaracoes corpo
Rule 3     declaracoes -> declaracoes declaracao
Rule 4     declaracoes -> <empty>
Rule 5     declaracao -> tipo seqDecl PV
Rule 6     seqDecl -> atr VIRG seqDecl
Rule 7     seqDecl -> atr
Rule 8     atr -> VAR
Rule 9     atr -> VAR OPAT operacao
Rule 10    atr -> VAR PRE NUMINT PRD
Rule 11    atr -> VAR PRE NUMINT PRD OPAT ABRIR_CH seqNumInt FECHAR_CH
Rule 12    atr -> VAR PRE NUMINT PRD PRE NUMINT PRD
Rule 13    atr -> VAR PRE NUMINT PRD PRE NUMINT PRD OPAT ABRIR_CH seqNumInt FECHAR_CH
Rule 14    seqNumInt -> NUMINT
Rule 15    seqNumInt -> NUMINT VIRG seqNumInt
Rule 16    corpo -> corpo instrucao
Rule 17    corpo -> <empty>
Rule 18    instrucao -> ifelsestatement
Rule 19    instrucao -> print PV
Rule 20    instrucao -> VAR OPAT operacao PV
Rule 21    instrucao -> VAR PCE NUMINT PCD OPAT operacao PV
Rule 22    instrucao -> VAR PCE NUMINT PCD PCE NUMINT PCD OPAT operacao PV
Rule 23    instrucao -> tojump PV
Rule 24    instrucao -> jumpto PV
Rule 25    operacao -> termo
Rule 26    operacao -> operacao OPAD termo
Rule 27    operacao -> operacao OPSUB termo
Rule 28    termo -> fator
Rule 29    termo -> termo OPMUL fator
Rule 30    termo -> termo OPDIV fator
Rule 31    fator -> NUMINT
Rule 32    fator -> VAR
Rule 33    fator -> VAR PCE NUMINT PCD
Rule 34    fator -> VAR PCE NUMINT PCD PCE NUMINT PCD
Rule 35    fator -> bool
Rule 36    fator -> PAL
Rule 37    fator -> NOT PCE condicao PCD
Rule 38    fator -> LER PCE PCD
Rule 39    ifelsestatement -> IF PCE condicao PCD ABRIR_CH corpo FECHAR_CH ELSE ABRIR_CH corpo FECHAR_CH
Rule 40    condicao -> operacao
Rule 41    condicao -> operacao IGUAL operacao
Rule 42    condicao -> operacao DIFF operacao
Rule 43    condicao -> operacao LESS operacao
Rule 44    condicao -> operacao GREATER operacao
Rule 45    condicao -> operacao LEQ operacao
Rule 46    condicao -> operacao GEQ operacao
Rule 47    condicao -> PCE condicao PCD OR PCE condicao PCD
Rule 48    condicao -> PCE condicao PCD AND PCE condicao PCD
Rule 49    tojump -> MARK ABRIR_CH corpo FECHAR_CH IF PCE condicao PCD JUMP
Rule 50    jumpto -> MARK IF PCE condicao PCD ABRIR_CH corpo FECHAR_CH JUMP
Rule 51    print -> PRINT PCE condicao PCD
Rule 52    bool -> TRUE
Rule 53    bool -> FALSE
Rule 54    tipo -> INT
Rule 55    tipo -> STRING
Rule 56    tipo -> BOOL
Rule 57    tipo -> ARRAY

Terminals, with rules where they appear

ABRIR_CH             : 11 13 39 39 49 50
AND                  : 48
ARRAY                : 57
BOOL                 : 56
COMMENT              : 
DIFF                 : 42
ELSE                 : 39
FALSE                : 53
FECHAR_CH            : 11 13 39 39 49 50
GEQ                  : 46
GREATER              : 44
IF                   : 39 49 50
IGUAL                : 41
INT                  : 54
JUMP                 : 49 50
LEQ                  : 45
LER                  : 38
LESS                 : 43
MARK                 : 49 50
NOT                  : 37
NUMINT               : 10 11 12 12 13 13 14 15 21 22 22 31 33 34 34
OPAD                 : 26
OPAT                 : 9 11 13 20 21 22
OPDIV                : 30
OPMUL                : 29
OPSUB                : 27
OR                   : 47
PAL                  : 36
PCD                  : 21 22 22 33 34 34 37 38 39 47 47 48 48 49 50 51
PCE                  : 21 22 22 33 34 34 37 38 39 47 47 48 48 49 50 51
PRD                  : 10 11 12 12 13 13
PRE                  : 10 11 12 12 13 13
PRINT                : 51
PV                   : 5 19 20 21 22 23 24
STRING               : 55
TRUE                 : 52
VAR                  : 8 9 10 11 12 13 20 21 22 32 33 34
VIRG                 : 6 15
error                : 

Nonterminals, with rules where they appear

atr                  : 6 7
axioma               : 0
bool                 : 35
condicao             : 37 39 47 47 48 48 49 50 51
corpo                : 2 16 39 39 49 50
declaracao           : 3
declaracoes          : 2 3
fator                : 28 29 30
ifelsestatement      : 18
instrucao            : 16
jumpto               : 24
operacao             : 9 20 21 22 26 27 40 41 41 42 42 43 43 44 44 45 45 46 46
print                : 19
programa             : 1
seqDecl              : 5 6
seqNumInt            : 11 13 15
termo                : 25 26 27 29 30
tipo                 : 5
tojump               : 23

Parsing method: LALR

state 0

    (0) S' -> . axioma
    (1) axioma -> . programa
    (2) programa -> . declaracoes corpo
    (3) declaracoes -> . declaracoes declaracao
    (4) declaracoes -> .

    INT             reduce using rule 4 (declaracoes -> .)
    STRING          reduce using rule 4 (declaracoes -> .)
    BOOL            reduce using rule 4 (declaracoes -> .)
    ARRAY           reduce using rule 4 (declaracoes -> .)
    VAR             reduce using rule 4 (declaracoes -> .)
    IF              reduce using rule 4 (declaracoes -> .)
    PRINT           reduce using rule 4 (declaracoes -> .)
    MARK            reduce using rule 4 (declaracoes -> .)
    $end            reduce using rule 4 (declaracoes -> .)

    axioma                         shift and go to state 1
    programa                       shift and go to state 2
    declaracoes                    shift and go to state 3

state 1

    (0) S' -> axioma .



state 2

    (1) axioma -> programa .

    $end            reduce using rule 1 (axioma -> programa .)


state 3

    (2) programa -> declaracoes . corpo
    (3) declaracoes -> declaracoes . declaracao
    (16) corpo -> . corpo instrucao
    (17) corpo -> .
    (5) declaracao -> . tipo seqDecl PV
    (54) tipo -> . INT
    (55) tipo -> . STRING
    (56) tipo -> . BOOL
    (57) tipo -> . ARRAY

    VAR             reduce using rule 17 (corpo -> .)
    IF              reduce using rule 17 (corpo -> .)
    PRINT           reduce using rule 17 (corpo -> .)
    MARK            reduce using rule 17 (corpo -> .)
    $end            reduce using rule 17 (corpo -> .)
    INT             shift and go to state 7
    STRING          shift and go to state 8
    BOOL            shift and go to state 9
    ARRAY           shift and go to state 10

    corpo                          shift and go to state 4
    declaracao                     shift and go to state 5
    tipo                           shift and go to state 6

state 4

    (2) programa -> declaracoes corpo .
    (16) corpo -> corpo . instrucao
    (18) instrucao -> . ifelsestatement
    (19) instrucao -> . print PV
    (20) instrucao -> . VAR OPAT operacao PV
    (21) instrucao -> . VAR PCE NUMINT PCD OPAT operacao PV
    (22) instrucao -> . VAR PCE NUMINT PCD PCE NUMINT PCD OPAT operacao PV
    (23) instrucao -> . tojump PV
    (24) instrucao -> . jumpto PV
    (39) ifelsestatement -> . IF PCE condicao PCD ABRIR_CH corpo FECHAR_CH ELSE ABRIR_CH corpo FECHAR_CH
    (51) print -> . PRINT PCE condicao PCD
    (49) tojump -> . MARK ABRIR_CH corpo FECHAR_CH IF PCE condicao PCD JUMP
    (50) jumpto -> . MARK IF PCE condicao PCD ABRIR_CH corpo FECHAR_CH JUMP

    $end            reduce using rule 2 (programa -> declaracoes corpo .)
    VAR             shift and go to state 14
    IF              shift and go to state 17
    PRINT           shift and go to state 18
    MARK            shift and go to state 19

    instrucao                      shift and go to state 11
    ifelsestatement                shift and go to state 12
    print                          shift and go to state 13
    tojump                         shift and go to state 15
    jumpto                         shift and go to state 16

state 5

    (3) declaracoes -> declaracoes declaracao .

    INT             reduce using rule 3 (declaracoes -> declaracoes declaracao .)
    STRING          reduce using rule 3 (declaracoes -> declaracoes declaracao .)
    BOOL            reduce using rule 3 (declaracoes -> declaracoes declaracao .)
    ARRAY           reduce using rule 3 (declaracoes -> declaracoes declaracao .)
    VAR             reduce using rule 3 (declaracoes -> declaracoes declaracao .)
    IF              reduce using rule 3 (declaracoes -> declaracoes declaracao .)
    PRINT           reduce using rule 3 (declaracoes -> declaracoes declaracao .)
    MARK            reduce using rule 3 (declaracoes -> declaracoes declaracao .)
    $end            reduce using rule 3 (declaracoes -> declaracoes declaracao .)


state 6

    (5) declaracao -> tipo . seqDecl PV
    (6) seqDecl -> . atr VIRG seqDecl
    (7) seqDecl -> . atr
    (8) atr -> . VAR
    (9) atr -> . VAR OPAT operacao
    (10) atr -> . VAR PRE NUMINT PRD
    (11) atr -> . VAR PRE NUMINT PRD OPAT ABRIR_CH seqNumInt FECHAR_CH
    (12) atr -> . VAR PRE NUMINT PRD PRE NUMINT PRD
    (13) atr -> . VAR PRE NUMINT PRD PRE NUMINT PRD OPAT ABRIR_CH seqNumInt FECHAR_CH

    VAR             shift and go to state 22

    seqDecl                        shift and go to state 20
    atr                            shift and go to state 21

state 7

    (54) tipo -> INT .

    VAR             reduce using rule 54 (tipo -> INT .)


state 8

    (55) tipo -> STRING .

    VAR             reduce using rule 55 (tipo -> STRING .)


state 9

    (56) tipo -> BOOL .

    VAR             reduce using rule 56 (tipo -> BOOL .)


state 10

    (57) tipo -> ARRAY .

    VAR             reduce using rule 57 (tipo -> ARRAY .)


state 11

    (16) corpo -> corpo instrucao .

    VAR             reduce using rule 16 (corpo -> corpo instrucao .)
    IF              reduce using rule 16 (corpo -> corpo instrucao .)
    PRINT           reduce using rule 16 (corpo -> corpo instrucao .)
    MARK            reduce using rule 16 (corpo -> corpo instrucao .)
    $end            reduce using rule 16 (corpo -> corpo instrucao .)
    FECHAR_CH       reduce using rule 16 (corpo -> corpo instrucao .)


state 12

    (18) instrucao -> ifelsestatement .

    VAR             reduce using rule 18 (instrucao -> ifelsestatement .)
    IF              reduce using rule 18 (instrucao -> ifelsestatement .)
    PRINT           reduce using rule 18 (instrucao -> ifelsestatement .)
    MARK            reduce using rule 18 (instrucao -> ifelsestatement .)
    $end            reduce using rule 18 (instrucao -> ifelsestatement .)
    FECHAR_CH       reduce using rule 18 (instrucao -> ifelsestatement .)


state 13

    (19) instrucao -> print . PV

    PV              shift and go to state 23


state 14

    (20) instrucao -> VAR . OPAT operacao PV
    (21) instrucao -> VAR . PCE NUMINT PCD OPAT operacao PV
    (22) instrucao -> VAR . PCE NUMINT PCD PCE NUMINT PCD OPAT operacao PV

    OPAT            shift and go to state 24
    PCE             shift and go to state 25


state 15

    (23) instrucao -> tojump . PV

    PV              shift and go to state 26


state 16

    (24) instrucao -> jumpto . PV

    PV              shift and go to state 27


state 17

    (39) ifelsestatement -> IF . PCE condicao PCD ABRIR_CH corpo FECHAR_CH ELSE ABRIR_CH corpo FECHAR_CH

    PCE             shift and go to state 28


state 18

    (51) print -> PRINT . PCE condicao PCD

    PCE             shift and go to state 29


state 19

    (49) tojump -> MARK . ABRIR_CH corpo FECHAR_CH IF PCE condicao PCD JUMP
    (50) jumpto -> MARK . IF PCE condicao PCD ABRIR_CH corpo FECHAR_CH JUMP

    ABRIR_CH        shift and go to state 30
    IF              shift and go to state 31


state 20

    (5) declaracao -> tipo seqDecl . PV

    PV              shift and go to state 32


state 21

    (6) seqDecl -> atr . VIRG seqDecl
    (7) seqDecl -> atr .

    VIRG            shift and go to state 33
    PV              reduce using rule 7 (seqDecl -> atr .)


state 22

    (8) atr -> VAR .
    (9) atr -> VAR . OPAT operacao
    (10) atr -> VAR . PRE NUMINT PRD
    (11) atr -> VAR . PRE NUMINT PRD OPAT ABRIR_CH seqNumInt FECHAR_CH
    (12) atr -> VAR . PRE NUMINT PRD PRE NUMINT PRD
    (13) atr -> VAR . PRE NUMINT PRD PRE NUMINT PRD OPAT ABRIR_CH seqNumInt FECHAR_CH

    VIRG            reduce using rule 8 (atr -> VAR .)
    PV              reduce using rule 8 (atr -> VAR .)
    OPAT            shift and go to state 34
    PRE             shift and go to state 35


state 23

    (19) instrucao -> print PV .

    VAR             reduce using rule 19 (instrucao -> print PV .)
    IF              reduce using rule 19 (instrucao -> print PV .)
    PRINT           reduce using rule 19 (instrucao -> print PV .)
    MARK            reduce using rule 19 (instrucao -> print PV .)
    $end            reduce using rule 19 (instrucao -> print PV .)
    FECHAR_CH       reduce using rule 19 (instrucao -> print PV .)


state 24

    (20) instrucao -> VAR OPAT . operacao PV
    (25) operacao -> . termo
    (26) operacao -> . operacao OPAD termo
    (27) operacao -> . operacao OPSUB termo
    (28) termo -> . fator
    (29) termo -> . termo OPMUL fator
    (30) termo -> . termo OPDIV fator
    (31) fator -> . NUMINT
    (32) fator -> . VAR
    (33) fator -> . VAR PCE NUMINT PCD
    (34) fator -> . VAR PCE NUMINT PCD PCE NUMINT PCD
    (35) fator -> . bool
    (36) fator -> . PAL
    (37) fator -> . NOT PCE condicao PCD
    (38) fator -> . LER PCE PCD
    (52) bool -> . TRUE
    (53) bool -> . FALSE

    NUMINT          shift and go to state 40
    VAR             shift and go to state 36
    PAL             shift and go to state 42
    NOT             shift and go to state 43
    LER             shift and go to state 44
    TRUE            shift and go to state 45
    FALSE           shift and go to state 46

    operacao                       shift and go to state 37
    termo                          shift and go to state 38
    fator                          shift and go to state 39
    bool                           shift and go to state 41

state 25

    (21) instrucao -> VAR PCE . NUMINT PCD OPAT operacao PV
    (22) instrucao -> VAR PCE . NUMINT PCD PCE NUMINT PCD OPAT operacao PV

    NUMINT          shift and go to state 47


state 26

    (23) instrucao -> tojump PV .

    VAR             reduce using rule 23 (instrucao -> tojump PV .)
    IF              reduce using rule 23 (instrucao -> tojump PV .)
    PRINT           reduce using rule 23 (instrucao -> tojump PV .)
    MARK            reduce using rule 23 (instrucao -> tojump PV .)
    $end            reduce using rule 23 (instrucao -> tojump PV .)
    FECHAR_CH       reduce using rule 23 (instrucao -> tojump PV .)


state 27

    (24) instrucao -> jumpto PV .

    VAR             reduce using rule 24 (instrucao -> jumpto PV .)
    IF              reduce using rule 24 (instrucao -> jumpto PV .)
    PRINT           reduce using rule 24 (instrucao -> jumpto PV .)
    MARK            reduce using rule 24 (instrucao -> jumpto PV .)
    $end            reduce using rule 24 (instrucao -> jumpto PV .)
    FECHAR_CH       reduce using rule 24 (instrucao -> jumpto PV .)


state 28

    (39) ifelsestatement -> IF PCE . condicao PCD ABRIR_CH corpo FECHAR_CH ELSE ABRIR_CH corpo FECHAR_CH
    (40) condicao -> . operacao
    (41) condicao -> . operacao IGUAL operacao
    (42) condicao -> . operacao DIFF operacao
    (43) condicao -> . operacao LESS operacao
    (44) condicao -> . operacao GREATER operacao
    (45) condicao -> . operacao LEQ operacao
    (46) condicao -> . operacao GEQ operacao
    (47) condicao -> . PCE condicao PCD OR PCE condicao PCD
    (48) condicao -> . PCE condicao PCD AND PCE condicao PCD
    (25) operacao -> . termo
    (26) operacao -> . operacao OPAD termo
    (27) operacao -> . operacao OPSUB termo
    (28) termo -> . fator
    (29) termo -> . termo OPMUL fator
    (30) termo -> . termo OPDIV fator
    (31) fator -> . NUMINT
    (32) fator -> . VAR
    (33) fator -> . VAR PCE NUMINT PCD
    (34) fator -> . VAR PCE NUMINT PCD PCE NUMINT PCD
    (35) fator -> . bool
    (36) fator -> . PAL
    (37) fator -> . NOT PCE condicao PCD
    (38) fator -> . LER PCE PCD
    (52) bool -> . TRUE
    (53) bool -> . FALSE

    PCE             shift and go to state 48
    NUMINT          shift and go to state 40
    VAR             shift and go to state 36
    PAL             shift and go to state 42
    NOT             shift and go to state 43
    LER             shift and go to state 44
    TRUE            shift and go to state 45
    FALSE           shift and go to state 46

    condicao                       shift and go to state 49
    operacao                       shift and go to state 50
    termo                          shift and go to state 38
    fator                          shift and go to state 39
    bool                           shift and go to state 41

state 29

    (51) print -> PRINT PCE . condicao PCD
    (40) condicao -> . operacao
    (41) condicao -> . operacao IGUAL operacao
    (42) condicao -> . operacao DIFF operacao
    (43) condicao -> . operacao LESS operacao
    (44) condicao -> . operacao GREATER operacao
    (45) condicao -> . operacao LEQ operacao
    (46) condicao -> . operacao GEQ operacao
    (47) condicao -> . PCE condicao PCD OR PCE condicao PCD
    (48) condicao -> . PCE condicao PCD AND PCE condicao PCD
    (25) operacao -> . termo
    (26) operacao -> . operacao OPAD termo
    (27) operacao -> . operacao OPSUB termo
    (28) termo -> . fator
    (29) termo -> . termo OPMUL fator
    (30) termo -> . termo OPDIV fator
    (31) fator -> . NUMINT
    (32) fator -> . VAR
    (33) fator -> . VAR PCE NUMINT PCD
    (34) fator -> . VAR PCE NUMINT PCD PCE NUMINT PCD
    (35) fator -> . bool
    (36) fator -> . PAL
    (37) fator -> . NOT PCE condicao PCD
    (38) fator -> . LER PCE PCD
    (52) bool -> . TRUE
    (53) bool -> . FALSE

    PCE             shift and go to state 48
    NUMINT          shift and go to state 40
    VAR             shift and go to state 36
    PAL             shift and go to state 42
    NOT             shift and go to state 43
    LER             shift and go to state 44
    TRUE            shift and go to state 45
    FALSE           shift and go to state 46

    condicao                       shift and go to state 51
    operacao                       shift and go to state 50
    termo                          shift and go to state 38
    fator                          shift and go to state 39
    bool                           shift and go to state 41

state 30

    (49) tojump -> MARK ABRIR_CH . corpo FECHAR_CH IF PCE condicao PCD JUMP
    (16) corpo -> . corpo instrucao
    (17) corpo -> .

    FECHAR_CH       reduce using rule 17 (corpo -> .)
    VAR             reduce using rule 17 (corpo -> .)
    IF              reduce using rule 17 (corpo -> .)
    PRINT           reduce using rule 17 (corpo -> .)
    MARK            reduce using rule 17 (corpo -> .)

    corpo                          shift and go to state 52

state 31

    (50) jumpto -> MARK IF . PCE condicao PCD ABRIR_CH corpo FECHAR_CH JUMP

    PCE             shift and go to state 53


state 32

    (5) declaracao -> tipo seqDecl PV .

    INT             reduce using rule 5 (declaracao -> tipo seqDecl PV .)
    STRING          reduce using rule 5 (declaracao -> tipo seqDecl PV .)
    BOOL            reduce using rule 5 (declaracao -> tipo seqDecl PV .)
    ARRAY           reduce using rule 5 (declaracao -> tipo seqDecl PV .)
    VAR             reduce using rule 5 (declaracao -> tipo seqDecl PV .)
    IF              reduce using rule 5 (declaracao -> tipo seqDecl PV .)
    PRINT           reduce using rule 5 (declaracao -> tipo seqDecl PV .)
    MARK            reduce using rule 5 (declaracao -> tipo seqDecl PV .)
    $end            reduce using rule 5 (declaracao -> tipo seqDecl PV .)


state 33

    (6) seqDecl -> atr VIRG . seqDecl
    (6) seqDecl -> . atr VIRG seqDecl
    (7) seqDecl -> . atr
    (8) atr -> . VAR
    (9) atr -> . VAR OPAT operacao
    (10) atr -> . VAR PRE NUMINT PRD
    (11) atr -> . VAR PRE NUMINT PRD OPAT ABRIR_CH seqNumInt FECHAR_CH
    (12) atr -> . VAR PRE NUMINT PRD PRE NUMINT PRD
    (13) atr -> . VAR PRE NUMINT PRD PRE NUMINT PRD OPAT ABRIR_CH seqNumInt FECHAR_CH

    VAR             shift and go to state 22

    atr                            shift and go to state 21
    seqDecl                        shift and go to state 54

state 34

    (9) atr -> VAR OPAT . operacao
    (25) operacao -> . termo
    (26) operacao -> . operacao OPAD termo
    (27) operacao -> . operacao OPSUB termo
    (28) termo -> . fator
    (29) termo -> . termo OPMUL fator
    (30) termo -> . termo OPDIV fator
    (31) fator -> . NUMINT
    (32) fator -> . VAR
    (33) fator -> . VAR PCE NUMINT PCD
    (34) fator -> . VAR PCE NUMINT PCD PCE NUMINT PCD
    (35) fator -> . bool
    (36) fator -> . PAL
    (37) fator -> . NOT PCE condicao PCD
    (38) fator -> . LER PCE PCD
    (52) bool -> . TRUE
    (53) bool -> . FALSE

    NUMINT          shift and go to state 40
    VAR             shift and go to state 36
    PAL             shift and go to state 42
    NOT             shift and go to state 43
    LER             shift and go to state 44
    TRUE            shift and go to state 45
    FALSE           shift and go to state 46

    operacao                       shift and go to state 55
    termo                          shift and go to state 38
    fator                          shift and go to state 39
    bool                           shift and go to state 41

state 35

    (10) atr -> VAR PRE . NUMINT PRD
    (11) atr -> VAR PRE . NUMINT PRD OPAT ABRIR_CH seqNumInt FECHAR_CH
    (12) atr -> VAR PRE . NUMINT PRD PRE NUMINT PRD
    (13) atr -> VAR PRE . NUMINT PRD PRE NUMINT PRD OPAT ABRIR_CH seqNumInt FECHAR_CH

    NUMINT          shift and go to state 56


state 36

    (32) fator -> VAR .
    (33) fator -> VAR . PCE NUMINT PCD
    (34) fator -> VAR . PCE NUMINT PCD PCE NUMINT PCD

    OPMUL           reduce using rule 32 (fator -> VAR .)
    OPDIV           reduce using rule 32 (fator -> VAR .)
    PV              reduce using rule 32 (fator -> VAR .)
    OPAD            reduce using rule 32 (fator -> VAR .)
    OPSUB           reduce using rule 32 (fator -> VAR .)
    IGUAL           reduce using rule 32 (fator -> VAR .)
    DIFF            reduce using rule 32 (fator -> VAR .)
    LESS            reduce using rule 32 (fator -> VAR .)
    GREATER         reduce using rule 32 (fator -> VAR .)
    LEQ             reduce using rule 32 (fator -> VAR .)
    GEQ             reduce using rule 32 (fator -> VAR .)
    PCD             reduce using rule 32 (fator -> VAR .)
    VIRG            reduce using rule 32 (fator -> VAR .)
    PCE             shift and go to state 57


state 37

    (20) instrucao -> VAR OPAT operacao . PV
    (26) operacao -> operacao . OPAD termo
    (27) operacao -> operacao . OPSUB termo

    PV              shift and go to state 58
    OPAD            shift and go to state 59
    OPSUB           shift and go to state 60


state 38

    (25) operacao -> termo .
    (29) termo -> termo . OPMUL fator
    (30) termo -> termo . OPDIV fator

    PV              reduce using rule 25 (operacao -> termo .)
    OPAD            reduce using rule 25 (operacao -> termo .)
    OPSUB           reduce using rule 25 (operacao -> termo .)
    IGUAL           reduce using rule 25 (operacao -> termo .)
    DIFF            reduce using rule 25 (operacao -> termo .)
    LESS            reduce using rule 25 (operacao -> termo .)
    GREATER         reduce using rule 25 (operacao -> termo .)
    LEQ             reduce using rule 25 (operacao -> termo .)
    GEQ             reduce using rule 25 (operacao -> termo .)
    PCD             reduce using rule 25 (operacao -> termo .)
    VIRG            reduce using rule 25 (operacao -> termo .)
    OPMUL           shift and go to state 61
    OPDIV           shift and go to state 62


state 39

    (28) termo -> fator .

    OPMUL           reduce using rule 28 (termo -> fator .)
    OPDIV           reduce using rule 28 (termo -> fator .)
    PV              reduce using rule 28 (termo -> fator .)
    OPAD            reduce using rule 28 (termo -> fator .)
    OPSUB           reduce using rule 28 (termo -> fator .)
    IGUAL           reduce using rule 28 (termo -> fator .)
    DIFF            reduce using rule 28 (termo -> fator .)
    LESS            reduce using rule 28 (termo -> fator .)
    GREATER         reduce using rule 28 (termo -> fator .)
    LEQ             reduce using rule 28 (termo -> fator .)
    GEQ             reduce using rule 28 (termo -> fator .)
    PCD             reduce using rule 28 (termo -> fator .)
    VIRG            reduce using rule 28 (termo -> fator .)


state 40

    (31) fator -> NUMINT .

    OPMUL           reduce using rule 31 (fator -> NUMINT .)
    OPDIV           reduce using rule 31 (fator -> NUMINT .)
    PV              reduce using rule 31 (fator -> NUMINT .)
    OPAD            reduce using rule 31 (fator -> NUMINT .)
    OPSUB           reduce using rule 31 (fator -> NUMINT .)
    IGUAL           reduce using rule 31 (fator -> NUMINT .)
    DIFF            reduce using rule 31 (fator -> NUMINT .)
    LESS            reduce using rule 31 (fator -> NUMINT .)
    GREATER         reduce using rule 31 (fator -> NUMINT .)
    LEQ             reduce using rule 31 (fator -> NUMINT .)
    GEQ             reduce using rule 31 (fator -> NUMINT .)
    PCD             reduce using rule 31 (fator -> NUMINT .)
    VIRG            reduce using rule 31 (fator -> NUMINT .)


state 41

    (35) fator -> bool .

    OPMUL           reduce using rule 35 (fator -> bool .)
    OPDIV           reduce using rule 35 (fator -> bool .)
    PV              reduce using rule 35 (fator -> bool .)
    OPAD            reduce using rule 35 (fator -> bool .)
    OPSUB           reduce using rule 35 (fator -> bool .)
    IGUAL           reduce using rule 35 (fator -> bool .)
    DIFF            reduce using rule 35 (fator -> bool .)
    LESS            reduce using rule 35 (fator -> bool .)
    GREATER         reduce using rule 35 (fator -> bool .)
    LEQ             reduce using rule 35 (fator -> bool .)
    GEQ             reduce using rule 35 (fator -> bool .)
    PCD             reduce using rule 35 (fator -> bool .)
    VIRG            reduce using rule 35 (fator -> bool .)


state 42

    (36) fator -> PAL .

    OPMUL           reduce using rule 36 (fator -> PAL .)
    OPDIV           reduce using rule 36 (fator -> PAL .)
    PV              reduce using rule 36 (fator -> PAL .)
    OPAD            reduce using rule 36 (fator -> PAL .)
    OPSUB           reduce using rule 36 (fator -> PAL .)
    IGUAL           reduce using rule 36 (fator -> PAL .)
    DIFF            reduce using rule 36 (fator -> PAL .)
    LESS            reduce using rule 36 (fator -> PAL .)
    GREATER         reduce using rule 36 (fator -> PAL .)
    LEQ             reduce using rule 36 (fator -> PAL .)
    GEQ             reduce using rule 36 (fator -> PAL .)
    PCD             reduce using rule 36 (fator -> PAL .)
    VIRG            reduce using rule 36 (fator -> PAL .)


state 43

    (37) fator -> NOT . PCE condicao PCD

    PCE             shift and go to state 63


state 44

    (38) fator -> LER . PCE PCD

    PCE             shift and go to state 64


state 45

    (52) bool -> TRUE .

    OPMUL           reduce using rule 52 (bool -> TRUE .)
    OPDIV           reduce using rule 52 (bool -> TRUE .)
    PV              reduce using rule 52 (bool -> TRUE .)
    OPAD            reduce using rule 52 (bool -> TRUE .)
    OPSUB           reduce using rule 52 (bool -> TRUE .)
    IGUAL           reduce using rule 52 (bool -> TRUE .)
    DIFF            reduce using rule 52 (bool -> TRUE .)
    LESS            reduce using rule 52 (bool -> TRUE .)
    GREATER         reduce using rule 52 (bool -> TRUE .)
    LEQ             reduce using rule 52 (bool -> TRUE .)
    GEQ             reduce using rule 52 (bool -> TRUE .)
    PCD             reduce using rule 52 (bool -> TRUE .)
    VIRG            reduce using rule 52 (bool -> TRUE .)


state 46

    (53) bool -> FALSE .

    OPMUL           reduce using rule 53 (bool -> FALSE .)
    OPDIV           reduce using rule 53 (bool -> FALSE .)
    PV              reduce using rule 53 (bool -> FALSE .)
    OPAD            reduce using rule 53 (bool -> FALSE .)
    OPSUB           reduce using rule 53 (bool -> FALSE .)
    IGUAL           reduce using rule 53 (bool -> FALSE .)
    DIFF            reduce using rule 53 (bool -> FALSE .)
    LESS            reduce using rule 53 (bool -> FALSE .)
    GREATER         reduce using rule 53 (bool -> FALSE .)
    LEQ             reduce using rule 53 (bool -> FALSE .)
    GEQ             reduce using rule 53 (bool -> FALSE .)
    PCD             reduce using rule 53 (bool -> FALSE .)
    VIRG            reduce using rule 53 (bool -> FALSE .)


state 47

    (21) instrucao -> VAR PCE NUMINT . PCD OPAT operacao PV
    (22) instrucao -> VAR PCE NUMINT . PCD PCE NUMINT PCD OPAT operacao PV

    PCD             shift and go to state 65


state 48

    (47) condicao -> PCE . condicao PCD OR PCE condicao PCD
    (48) condicao -> PCE . condicao PCD AND PCE condicao PCD
    (40) condicao -> . operacao
    (41) condicao -> . operacao IGUAL operacao
    (42) condicao -> . operacao DIFF operacao
    (43) condicao -> . operacao LESS operacao
    (44) condicao -> . operacao GREATER operacao
    (45) condicao -> . operacao LEQ operacao
    (46) condicao -> . operacao GEQ operacao
    (47) condicao -> . PCE condicao PCD OR PCE condicao PCD
    (48) condicao -> . PCE condicao PCD AND PCE condicao PCD
    (25) operacao -> . termo
    (26) operacao -> . operacao OPAD termo
    (27) operacao -> . operacao OPSUB termo
    (28) termo -> . fator
    (29) termo -> . termo OPMUL fator
    (30) termo -> . termo OPDIV fator
    (31) fator -> . NUMINT
    (32) fator -> . VAR
    (33) fator -> . VAR PCE NUMINT PCD
    (34) fator -> . VAR PCE NUMINT PCD PCE NUMINT PCD
    (35) fator -> . bool
    (36) fator -> . PAL
    (37) fator -> . NOT PCE condicao PCD
    (38) fator -> . LER PCE PCD
    (52) bool -> . TRUE
    (53) bool -> . FALSE

    PCE             shift and go to state 48
    NUMINT          shift and go to state 40
    VAR             shift and go to state 36
    PAL             shift and go to state 42
    NOT             shift and go to state 43
    LER             shift and go to state 44
    TRUE            shift and go to state 45
    FALSE           shift and go to state 46

    condicao                       shift and go to state 66
    operacao                       shift and go to state 50
    termo                          shift and go to state 38
    fator                          shift and go to state 39
    bool                           shift and go to state 41

state 49

    (39) ifelsestatement -> IF PCE condicao . PCD ABRIR_CH corpo FECHAR_CH ELSE ABRIR_CH corpo FECHAR_CH

    PCD             shift and go to state 67


state 50

    (40) condicao -> operacao .
    (41) condicao -> operacao . IGUAL operacao
    (42) condicao -> operacao . DIFF operacao
    (43) condicao -> operacao . LESS operacao
    (44) condicao -> operacao . GREATER operacao
    (45) condicao -> operacao . LEQ operacao
    (46) condicao -> operacao . GEQ operacao
    (26) operacao -> operacao . OPAD termo
    (27) operacao -> operacao . OPSUB termo

    PCD             reduce using rule 40 (condicao -> operacao .)
    IGUAL           shift and go to state 68
    DIFF            shift and go to state 69
    LESS            shift and go to state 70
    GREATER         shift and go to state 71
    LEQ             shift and go to state 72
    GEQ             shift and go to state 73
    OPAD            shift and go to state 59
    OPSUB           shift and go to state 60


state 51

    (51) print -> PRINT PCE condicao . PCD

    PCD             shift and go to state 74


state 52

    (49) tojump -> MARK ABRIR_CH corpo . FECHAR_CH IF PCE condicao PCD JUMP
    (16) corpo -> corpo . instrucao
    (18) instrucao -> . ifelsestatement
    (19) instrucao -> . print PV
    (20) instrucao -> . VAR OPAT operacao PV
    (21) instrucao -> . VAR PCE NUMINT PCD OPAT operacao PV
    (22) instrucao -> . VAR PCE NUMINT PCD PCE NUMINT PCD OPAT operacao PV
    (23) instrucao -> . tojump PV
    (24) instrucao -> . jumpto PV
    (39) ifelsestatement -> . IF PCE condicao PCD ABRIR_CH corpo FECHAR_CH ELSE ABRIR_CH corpo FECHAR_CH
    (51) print -> . PRINT PCE condicao PCD
    (49) tojump -> . MARK ABRIR_CH corpo FECHAR_CH IF PCE condicao PCD JUMP
    (50) jumpto -> . MARK IF PCE condicao PCD ABRIR_CH corpo FECHAR_CH JUMP

    FECHAR_CH       shift and go to state 75
    VAR             shift and go to state 14
    IF              shift and go to state 17
    PRINT           shift and go to state 18
    MARK            shift and go to state 19

    instrucao                      shift and go to state 11
    ifelsestatement                shift and go to state 12
    print                          shift and go to state 13
    tojump                         shift and go to state 15
    jumpto                         shift and go to state 16

state 53

    (50) jumpto -> MARK IF PCE . condicao PCD ABRIR_CH corpo FECHAR_CH JUMP
    (40) condicao -> . operacao
    (41) condicao -> . operacao IGUAL operacao
    (42) condicao -> . operacao DIFF operacao
    (43) condicao -> . operacao LESS operacao
    (44) condicao -> . operacao GREATER operacao
    (45) condicao -> . operacao LEQ operacao
    (46) condicao -> . operacao GEQ operacao
    (47) condicao -> . PCE condicao PCD OR PCE condicao PCD
    (48) condicao -> . PCE condicao PCD AND PCE condicao PCD
    (25) operacao -> . termo
    (26) operacao -> . operacao OPAD termo
    (27) operacao -> . operacao OPSUB termo
    (28) termo -> . fator
    (29) termo -> . termo OPMUL fator
    (30) termo -> . termo OPDIV fator
    (31) fator -> . NUMINT
    (32) fator -> . VAR
    (33) fator -> . VAR PCE NUMINT PCD
    (34) fator -> . VAR PCE NUMINT PCD PCE NUMINT PCD
    (35) fator -> . bool
    (36) fator -> . PAL
    (37) fator -> . NOT PCE condicao PCD
    (38) fator -> . LER PCE PCD
    (52) bool -> . TRUE
    (53) bool -> . FALSE

    PCE             shift and go to state 48
    NUMINT          shift and go to state 40
    VAR             shift and go to state 36
    PAL             shift and go to state 42
    NOT             shift and go to state 43
    LER             shift and go to state 44
    TRUE            shift and go to state 45
    FALSE           shift and go to state 46

    condicao                       shift and go to state 76
    operacao                       shift and go to state 50
    termo                          shift and go to state 38
    fator                          shift and go to state 39
    bool                           shift and go to state 41

state 54

    (6) seqDecl -> atr VIRG seqDecl .

    PV              reduce using rule 6 (seqDecl -> atr VIRG seqDecl .)


state 55

    (9) atr -> VAR OPAT operacao .
    (26) operacao -> operacao . OPAD termo
    (27) operacao -> operacao . OPSUB termo

    VIRG            reduce using rule 9 (atr -> VAR OPAT operacao .)
    PV              reduce using rule 9 (atr -> VAR OPAT operacao .)
    OPAD            shift and go to state 59
    OPSUB           shift and go to state 60


state 56

    (10) atr -> VAR PRE NUMINT . PRD
    (11) atr -> VAR PRE NUMINT . PRD OPAT ABRIR_CH seqNumInt FECHAR_CH
    (12) atr -> VAR PRE NUMINT . PRD PRE NUMINT PRD
    (13) atr -> VAR PRE NUMINT . PRD PRE NUMINT PRD OPAT ABRIR_CH seqNumInt FECHAR_CH

    PRD             shift and go to state 77


state 57

    (33) fator -> VAR PCE . NUMINT PCD
    (34) fator -> VAR PCE . NUMINT PCD PCE NUMINT PCD

    NUMINT          shift and go to state 78


state 58

    (20) instrucao -> VAR OPAT operacao PV .

    VAR             reduce using rule 20 (instrucao -> VAR OPAT operacao PV .)
    IF              reduce using rule 20 (instrucao -> VAR OPAT operacao PV .)
    PRINT           reduce using rule 20 (instrucao -> VAR OPAT operacao PV .)
    MARK            reduce using rule 20 (instrucao -> VAR OPAT operacao PV .)
    $end            reduce using rule 20 (instrucao -> VAR OPAT operacao PV .)
    FECHAR_CH       reduce using rule 20 (instrucao -> VAR OPAT operacao PV .)


state 59

    (26) operacao -> operacao OPAD . termo
    (28) termo -> . fator
    (29) termo -> . termo OPMUL fator
    (30) termo -> . termo OPDIV fator
    (31) fator -> . NUMINT
    (32) fator -> . VAR
    (33) fator -> . VAR PCE NUMINT PCD
    (34) fator -> . VAR PCE NUMINT PCD PCE NUMINT PCD
    (35) fator -> . bool
    (36) fator -> . PAL
    (37) fator -> . NOT PCE condicao PCD
    (38) fator -> . LER PCE PCD
    (52) bool -> . TRUE
    (53) bool -> . FALSE

    NUMINT          shift and go to state 40
    VAR             shift and go to state 36
    PAL             shift and go to state 42
    NOT             shift and go to state 43
    LER             shift and go to state 44
    TRUE            shift and go to state 45
    FALSE           shift and go to state 46

    termo                          shift and go to state 79
    fator                          shift and go to state 39
    bool                           shift and go to state 41

state 60

    (27) operacao -> operacao OPSUB . termo
    (28) termo -> . fator
    (29) termo -> . termo OPMUL fator
    (30) termo -> . termo OPDIV fator
    (31) fator -> . NUMINT
    (32) fator -> . VAR
    (33) fator -> . VAR PCE NUMINT PCD
    (34) fator -> . VAR PCE NUMINT PCD PCE NUMINT PCD
    (35) fator -> . bool
    (36) fator -> . PAL
    (37) fator -> . NOT PCE condicao PCD
    (38) fator -> . LER PCE PCD
    (52) bool -> . TRUE
    (53) bool -> . FALSE

    NUMINT          shift and go to state 40
    VAR             shift and go to state 36
    PAL             shift and go to state 42
    NOT             shift and go to state 43
    LER             shift and go to state 44
    TRUE            shift and go to state 45
    FALSE           shift and go to state 46

    termo                          shift and go to state 80
    fator                          shift and go to state 39
    bool                           shift and go to state 41

state 61

    (29) termo -> termo OPMUL . fator
    (31) fator -> . NUMINT
    (32) fator -> . VAR
    (33) fator -> . VAR PCE NUMINT PCD
    (34) fator -> . VAR PCE NUMINT PCD PCE NUMINT PCD
    (35) fator -> . bool
    (36) fator -> . PAL
    (37) fator -> . NOT PCE condicao PCD
    (38) fator -> . LER PCE PCD
    (52) bool -> . TRUE
    (53) bool -> . FALSE

    NUMINT          shift and go to state 40
    VAR             shift and go to state 36
    PAL             shift and go to state 42
    NOT             shift and go to state 43
    LER             shift and go to state 44
    TRUE            shift and go to state 45
    FALSE           shift and go to state 46

    fator                          shift and go to state 81
    bool                           shift and go to state 41

state 62

    (30) termo -> termo OPDIV . fator
    (31) fator -> . NUMINT
    (32) fator -> . VAR
    (33) fator -> . VAR PCE NUMINT PCD
    (34) fator -> . VAR PCE NUMINT PCD PCE NUMINT PCD
    (35) fator -> . bool
    (36) fator -> . PAL
    (37) fator -> . NOT PCE condicao PCD
    (38) fator -> . LER PCE PCD
    (52) bool -> . TRUE
    (53) bool -> . FALSE

    NUMINT          shift and go to state 40
    VAR             shift and go to state 36
    PAL             shift and go to state 42
    NOT             shift and go to state 43
    LER             shift and go to state 44
    TRUE            shift and go to state 45
    FALSE           shift and go to state 46

    fator                          shift and go to state 82
    bool                           shift and go to state 41

state 63

    (37) fator -> NOT PCE . condicao PCD
    (40) condicao -> . operacao
    (41) condicao -> . operacao IGUAL operacao
    (42) condicao -> . operacao DIFF operacao
    (43) condicao -> . operacao LESS operacao
    (44) condicao -> . operacao GREATER operacao
    (45) condicao -> . operacao LEQ operacao
    (46) condicao -> . operacao GEQ operacao
    (47) condicao -> . PCE condicao PCD OR PCE condicao PCD
    (48) condicao -> . PCE condicao PCD AND PCE condicao PCD
    (25) operacao -> . termo
    (26) operacao -> . operacao OPAD termo
    (27) operacao -> . operacao OPSUB termo
    (28) termo -> . fator
    (29) termo -> . termo OPMUL fator
    (30) termo -> . termo OPDIV fator
    (31) fator -> . NUMINT
    (32) fator -> . VAR
    (33) fator -> . VAR PCE NUMINT PCD
    (34) fator -> . VAR PCE NUMINT PCD PCE NUMINT PCD
    (35) fator -> . bool
    (36) fator -> . PAL
    (37) fator -> . NOT PCE condicao PCD
    (38) fator -> . LER PCE PCD
    (52) bool -> . TRUE
    (53) bool -> . FALSE

    PCE             shift and go to state 48
    NUMINT          shift and go to state 40
    VAR             shift and go to state 36
    PAL             shift and go to state 42
    NOT             shift and go to state 43
    LER             shift and go to state 44
    TRUE            shift and go to state 45
    FALSE           shift and go to state 46

    condicao                       shift and go to state 83
    operacao                       shift and go to state 50
    termo                          shift and go to state 38
    fator                          shift and go to state 39
    bool                           shift and go to state 41

state 64

    (38) fator -> LER PCE . PCD

    PCD             shift and go to state 84


state 65

    (21) instrucao -> VAR PCE NUMINT PCD . OPAT operacao PV
    (22) instrucao -> VAR PCE NUMINT PCD . PCE NUMINT PCD OPAT operacao PV

    OPAT            shift and go to state 86
    PCE             shift and go to state 85


state 66

    (47) condicao -> PCE condicao . PCD OR PCE condicao PCD
    (48) condicao -> PCE condicao . PCD AND PCE condicao PCD

    PCD             shift and go to state 87


state 67

    (39) ifelsestatement -> IF PCE condicao PCD . ABRIR_CH corpo FECHAR_CH ELSE ABRIR_CH corpo FECHAR_CH

    ABRIR_CH        shift and go to state 88


state 68

    (41) condicao -> operacao IGUAL . operacao
    (25) operacao -> . termo
    (26) operacao -> . operacao OPAD termo
    (27) operacao -> . operacao OPSUB termo
    (28) termo -> . fator
    (29) termo -> . termo OPMUL fator
    (30) termo -> . termo OPDIV fator
    (31) fator -> . NUMINT
    (32) fator -> . VAR
    (33) fator -> . VAR PCE NUMINT PCD
    (34) fator -> . VAR PCE NUMINT PCD PCE NUMINT PCD
    (35) fator -> . bool
    (36) fator -> . PAL
    (37) fator -> . NOT PCE condicao PCD
    (38) fator -> . LER PCE PCD
    (52) bool -> . TRUE
    (53) bool -> . FALSE

    NUMINT          shift and go to state 40
    VAR             shift and go to state 36
    PAL             shift and go to state 42
    NOT             shift and go to state 43
    LER             shift and go to state 44
    TRUE            shift and go to state 45
    FALSE           shift and go to state 46

    operacao                       shift and go to state 89
    termo                          shift and go to state 38
    fator                          shift and go to state 39
    bool                           shift and go to state 41

state 69

    (42) condicao -> operacao DIFF . operacao
    (25) operacao -> . termo
    (26) operacao -> . operacao OPAD termo
    (27) operacao -> . operacao OPSUB termo
    (28) termo -> . fator
    (29) termo -> . termo OPMUL fator
    (30) termo -> . termo OPDIV fator
    (31) fator -> . NUMINT
    (32) fator -> . VAR
    (33) fator -> . VAR PCE NUMINT PCD
    (34) fator -> . VAR PCE NUMINT PCD PCE NUMINT PCD
    (35) fator -> . bool
    (36) fator -> . PAL
    (37) fator -> . NOT PCE condicao PCD
    (38) fator -> . LER PCE PCD
    (52) bool -> . TRUE
    (53) bool -> . FALSE

    NUMINT          shift and go to state 40
    VAR             shift and go to state 36
    PAL             shift and go to state 42
    NOT             shift and go to state 43
    LER             shift and go to state 44
    TRUE            shift and go to state 45
    FALSE           shift and go to state 46

    operacao                       shift and go to state 90
    termo                          shift and go to state 38
    fator                          shift and go to state 39
    bool                           shift and go to state 41

state 70

    (43) condicao -> operacao LESS . operacao
    (25) operacao -> . termo
    (26) operacao -> . operacao OPAD termo
    (27) operacao -> . operacao OPSUB termo
    (28) termo -> . fator
    (29) termo -> . termo OPMUL fator
    (30) termo -> . termo OPDIV fator
    (31) fator -> . NUMINT
    (32) fator -> . VAR
    (33) fator -> . VAR PCE NUMINT PCD
    (34) fator -> . VAR PCE NUMINT PCD PCE NUMINT PCD
    (35) fator -> . bool
    (36) fator -> . PAL
    (37) fator -> . NOT PCE condicao PCD
    (38) fator -> . LER PCE PCD
    (52) bool -> . TRUE
    (53) bool -> . FALSE

    NUMINT          shift and go to state 40
    VAR             shift and go to state 36
    PAL             shift and go to state 42
    NOT             shift and go to state 43
    LER             shift and go to state 44
    TRUE            shift and go to state 45
    FALSE           shift and go to state 46

    operacao                       shift and go to state 91
    termo                          shift and go to state 38
    fator                          shift and go to state 39
    bool                           shift and go to state 41

state 71

    (44) condicao -> operacao GREATER . operacao
    (25) operacao -> . termo
    (26) operacao -> . operacao OPAD termo
    (27) operacao -> . operacao OPSUB termo
    (28) termo -> . fator
    (29) termo -> . termo OPMUL fator
    (30) termo -> . termo OPDIV fator
    (31) fator -> . NUMINT
    (32) fator -> . VAR
    (33) fator -> . VAR PCE NUMINT PCD
    (34) fator -> . VAR PCE NUMINT PCD PCE NUMINT PCD
    (35) fator -> . bool
    (36) fator -> . PAL
    (37) fator -> . NOT PCE condicao PCD
    (38) fator -> . LER PCE PCD
    (52) bool -> . TRUE
    (53) bool -> . FALSE

    NUMINT          shift and go to state 40
    VAR             shift and go to state 36
    PAL             shift and go to state 42
    NOT             shift and go to state 43
    LER             shift and go to state 44
    TRUE            shift and go to state 45
    FALSE           shift and go to state 46

    operacao                       shift and go to state 92
    termo                          shift and go to state 38
    fator                          shift and go to state 39
    bool                           shift and go to state 41

state 72

    (45) condicao -> operacao LEQ . operacao
    (25) operacao -> . termo
    (26) operacao -> . operacao OPAD termo
    (27) operacao -> . operacao OPSUB termo
    (28) termo -> . fator
    (29) termo -> . termo OPMUL fator
    (30) termo -> . termo OPDIV fator
    (31) fator -> . NUMINT
    (32) fator -> . VAR
    (33) fator -> . VAR PCE NUMINT PCD
    (34) fator -> . VAR PCE NUMINT PCD PCE NUMINT PCD
    (35) fator -> . bool
    (36) fator -> . PAL
    (37) fator -> . NOT PCE condicao PCD
    (38) fator -> . LER PCE PCD
    (52) bool -> . TRUE
    (53) bool -> . FALSE

    NUMINT          shift and go to state 40
    VAR             shift and go to state 36
    PAL             shift and go to state 42
    NOT             shift and go to state 43
    LER             shift and go to state 44
    TRUE            shift and go to state 45
    FALSE           shift and go to state 46

    operacao                       shift and go to state 93
    termo                          shift and go to state 38
    fator                          shift and go to state 39
    bool                           shift and go to state 41

state 73

    (46) condicao -> operacao GEQ . operacao
    (25) operacao -> . termo
    (26) operacao -> . operacao OPAD termo
    (27) operacao -> . operacao OPSUB termo
    (28) termo -> . fator
    (29) termo -> . termo OPMUL fator
    (30) termo -> . termo OPDIV fator
    (31) fator -> . NUMINT
    (32) fator -> . VAR
    (33) fator -> . VAR PCE NUMINT PCD
    (34) fator -> . VAR PCE NUMINT PCD PCE NUMINT PCD
    (35) fator -> . bool
    (36) fator -> . PAL
    (37) fator -> . NOT PCE condicao PCD
    (38) fator -> . LER PCE PCD
    (52) bool -> . TRUE
    (53) bool -> . FALSE

    NUMINT          shift and go to state 40
    VAR             shift and go to state 36
    PAL             shift and go to state 42
    NOT             shift and go to state 43
    LER             shift and go to state 44
    TRUE            shift and go to state 45
    FALSE           shift and go to state 46

    operacao                       shift and go to state 94
    termo                          shift and go to state 38
    fator                          shift and go to state 39
    bool                           shift and go to state 41

state 74

    (51) print -> PRINT PCE condicao PCD .

    PV              reduce using rule 51 (print -> PRINT PCE condicao PCD .)


state 75

    (49) tojump -> MARK ABRIR_CH corpo FECHAR_CH . IF PCE condicao PCD JUMP

    IF              shift and go to state 95


state 76

    (50) jumpto -> MARK IF PCE condicao . PCD ABRIR_CH corpo FECHAR_CH JUMP

    PCD             shift and go to state 96


state 77

    (10) atr -> VAR PRE NUMINT PRD .
    (11) atr -> VAR PRE NUMINT PRD . OPAT ABRIR_CH seqNumInt FECHAR_CH
    (12) atr -> VAR PRE NUMINT PRD . PRE NUMINT PRD
    (13) atr -> VAR PRE NUMINT PRD . PRE NUMINT PRD OPAT ABRIR_CH seqNumInt FECHAR_CH

    VIRG            reduce using rule 10 (atr -> VAR PRE NUMINT PRD .)
    PV              reduce using rule 10 (atr -> VAR PRE NUMINT PRD .)
    OPAT            shift and go to state 98
    PRE             shift and go to state 97


state 78

    (33) fator -> VAR PCE NUMINT . PCD
    (34) fator -> VAR PCE NUMINT . PCD PCE NUMINT PCD

    PCD             shift and go to state 99


state 79

    (26) operacao -> operacao OPAD termo .
    (29) termo -> termo . OPMUL fator
    (30) termo -> termo . OPDIV fator

    PV              reduce using rule 26 (operacao -> operacao OPAD termo .)
    OPAD            reduce using rule 26 (operacao -> operacao OPAD termo .)
    OPSUB           reduce using rule 26 (operacao -> operacao OPAD termo .)
    IGUAL           reduce using rule 26 (operacao -> operacao OPAD termo .)
    DIFF            reduce using rule 26 (operacao -> operacao OPAD termo .)
    LESS            reduce using rule 26 (operacao -> operacao OPAD termo .)
    GREATER         reduce using rule 26 (operacao -> operacao OPAD termo .)
    LEQ             reduce using rule 26 (operacao -> operacao OPAD termo .)
    GEQ             reduce using rule 26 (operacao -> operacao OPAD termo .)
    PCD             reduce using rule 26 (operacao -> operacao OPAD termo .)
    VIRG            reduce using rule 26 (operacao -> operacao OPAD termo .)
    OPMUL           shift and go to state 61
    OPDIV           shift and go to state 62


state 80

    (27) operacao -> operacao OPSUB termo .
    (29) termo -> termo . OPMUL fator
    (30) termo -> termo . OPDIV fator

    PV              reduce using rule 27 (operacao -> operacao OPSUB termo .)
    OPAD            reduce using rule 27 (operacao -> operacao OPSUB termo .)
    OPSUB           reduce using rule 27 (operacao -> operacao OPSUB termo .)
    IGUAL           reduce using rule 27 (operacao -> operacao OPSUB termo .)
    DIFF            reduce using rule 27 (operacao -> operacao OPSUB termo .)
    LESS            reduce using rule 27 (operacao -> operacao OPSUB termo .)
    GREATER         reduce using rule 27 (operacao -> operacao OPSUB termo .)
    LEQ             reduce using rule 27 (operacao -> operacao OPSUB termo .)
    GEQ             reduce using rule 27 (operacao -> operacao OPSUB termo .)
    PCD             reduce using rule 27 (operacao -> operacao OPSUB termo .)
    VIRG            reduce using rule 27 (operacao -> operacao OPSUB termo .)
    OPMUL           shift and go to state 61
    OPDIV           shift and go to state 62


state 81

    (29) termo -> termo OPMUL fator .

    OPMUL           reduce using rule 29 (termo -> termo OPMUL fator .)
    OPDIV           reduce using rule 29 (termo -> termo OPMUL fator .)
    PV              reduce using rule 29 (termo -> termo OPMUL fator .)
    OPAD            reduce using rule 29 (termo -> termo OPMUL fator .)
    OPSUB           reduce using rule 29 (termo -> termo OPMUL fator .)
    IGUAL           reduce using rule 29 (termo -> termo OPMUL fator .)
    DIFF            reduce using rule 29 (termo -> termo OPMUL fator .)
    LESS            reduce using rule 29 (termo -> termo OPMUL fator .)
    GREATER         reduce using rule 29 (termo -> termo OPMUL fator .)
    LEQ             reduce using rule 29 (termo -> termo OPMUL fator .)
    GEQ             reduce using rule 29 (termo -> termo OPMUL fator .)
    PCD             reduce using rule 29 (termo -> termo OPMUL fator .)
    VIRG            reduce using rule 29 (termo -> termo OPMUL fator .)


state 82

    (30) termo -> termo OPDIV fator .

    OPMUL           reduce using rule 30 (termo -> termo OPDIV fator .)
    OPDIV           reduce using rule 30 (termo -> termo OPDIV fator .)
    PV              reduce using rule 30 (termo -> termo OPDIV fator .)
    OPAD            reduce using rule 30 (termo -> termo OPDIV fator .)
    OPSUB           reduce using rule 30 (termo -> termo OPDIV fator .)
    IGUAL           reduce using rule 30 (termo -> termo OPDIV fator .)
    DIFF            reduce using rule 30 (termo -> termo OPDIV fator .)
    LESS            reduce using rule 30 (termo -> termo OPDIV fator .)
    GREATER         reduce using rule 30 (termo -> termo OPDIV fator .)
    LEQ             reduce using rule 30 (termo -> termo OPDIV fator .)
    GEQ             reduce using rule 30 (termo -> termo OPDIV fator .)
    PCD             reduce using rule 30 (termo -> termo OPDIV fator .)
    VIRG            reduce using rule 30 (termo -> termo OPDIV fator .)


state 83

    (37) fator -> NOT PCE condicao . PCD

    PCD             shift and go to state 100


state 84

    (38) fator -> LER PCE PCD .

    OPMUL           reduce using rule 38 (fator -> LER PCE PCD .)
    OPDIV           reduce using rule 38 (fator -> LER PCE PCD .)
    PV              reduce using rule 38 (fator -> LER PCE PCD .)
    OPAD            reduce using rule 38 (fator -> LER PCE PCD .)
    OPSUB           reduce using rule 38 (fator -> LER PCE PCD .)
    IGUAL           reduce using rule 38 (fator -> LER PCE PCD .)
    DIFF            reduce using rule 38 (fator -> LER PCE PCD .)
    LESS            reduce using rule 38 (fator -> LER PCE PCD .)
    GREATER         reduce using rule 38 (fator -> LER PCE PCD .)
    LEQ             reduce using rule 38 (fator -> LER PCE PCD .)
    GEQ             reduce using rule 38 (fator -> LER PCE PCD .)
    PCD             reduce using rule 38 (fator -> LER PCE PCD .)
    VIRG            reduce using rule 38 (fator -> LER PCE PCD .)


state 85

    (22) instrucao -> VAR PCE NUMINT PCD PCE . NUMINT PCD OPAT operacao PV

    NUMINT          shift and go to state 101


state 86

    (21) instrucao -> VAR PCE NUMINT PCD OPAT . operacao PV
    (25) operacao -> . termo
    (26) operacao -> . operacao OPAD termo
    (27) operacao -> . operacao OPSUB termo
    (28) termo -> . fator
    (29) termo -> . termo OPMUL fator
    (30) termo -> . termo OPDIV fator
    (31) fator -> . NUMINT
    (32) fator -> . VAR
    (33) fator -> . VAR PCE NUMINT PCD
    (34) fator -> . VAR PCE NUMINT PCD PCE NUMINT PCD
    (35) fator -> . bool
    (36) fator -> . PAL
    (37) fator -> . NOT PCE condicao PCD
    (38) fator -> . LER PCE PCD
    (52) bool -> . TRUE
    (53) bool -> . FALSE

    NUMINT          shift and go to state 40
    VAR             shift and go to state 36
    PAL             shift and go to state 42
    NOT             shift and go to state 43
    LER             shift and go to state 44
    TRUE            shift and go to state 45
    FALSE           shift and go to state 46

    operacao                       shift and go to state 102
    termo                          shift and go to state 38
    fator                          shift and go to state 39
    bool                           shift and go to state 41

state 87

    (47) condicao -> PCE condicao PCD . OR PCE condicao PCD
    (48) condicao -> PCE condicao PCD . AND PCE condicao PCD

    OR              shift and go to state 103
    AND             shift and go to state 104


state 88

    (39) ifelsestatement -> IF PCE condicao PCD ABRIR_CH . corpo FECHAR_CH ELSE ABRIR_CH corpo FECHAR_CH
    (16) corpo -> . corpo instrucao
    (17) corpo -> .

    FECHAR_CH       reduce using rule 17 (corpo -> .)
    VAR             reduce using rule 17 (corpo -> .)
    IF              reduce using rule 17 (corpo -> .)
    PRINT           reduce using rule 17 (corpo -> .)
    MARK            reduce using rule 17 (corpo -> .)

    corpo                          shift and go to state 105

state 89

    (41) condicao -> operacao IGUAL operacao .
    (26) operacao -> operacao . OPAD termo
    (27) operacao -> operacao . OPSUB termo

    PCD             reduce using rule 41 (condicao -> operacao IGUAL operacao .)
    OPAD            shift and go to state 59
    OPSUB           shift and go to state 60


state 90

    (42) condicao -> operacao DIFF operacao .
    (26) operacao -> operacao . OPAD termo
    (27) operacao -> operacao . OPSUB termo

    PCD             reduce using rule 42 (condicao -> operacao DIFF operacao .)
    OPAD            shift and go to state 59
    OPSUB           shift and go to state 60


state 91

    (43) condicao -> operacao LESS operacao .
    (26) operacao -> operacao . OPAD termo
    (27) operacao -> operacao . OPSUB termo

    PCD             reduce using rule 43 (condicao -> operacao LESS operacao .)
    OPAD            shift and go to state 59
    OPSUB           shift and go to state 60


state 92

    (44) condicao -> operacao GREATER operacao .
    (26) operacao -> operacao . OPAD termo
    (27) operacao -> operacao . OPSUB termo

    PCD             reduce using rule 44 (condicao -> operacao GREATER operacao .)
    OPAD            shift and go to state 59
    OPSUB           shift and go to state 60


state 93

    (45) condicao -> operacao LEQ operacao .
    (26) operacao -> operacao . OPAD termo
    (27) operacao -> operacao . OPSUB termo

    PCD             reduce using rule 45 (condicao -> operacao LEQ operacao .)
    OPAD            shift and go to state 59
    OPSUB           shift and go to state 60


state 94

    (46) condicao -> operacao GEQ operacao .
    (26) operacao -> operacao . OPAD termo
    (27) operacao -> operacao . OPSUB termo

    PCD             reduce using rule 46 (condicao -> operacao GEQ operacao .)
    OPAD            shift and go to state 59
    OPSUB           shift and go to state 60


state 95

    (49) tojump -> MARK ABRIR_CH corpo FECHAR_CH IF . PCE condicao PCD JUMP

    PCE             shift and go to state 106


state 96

    (50) jumpto -> MARK IF PCE condicao PCD . ABRIR_CH corpo FECHAR_CH JUMP

    ABRIR_CH        shift and go to state 107


state 97

    (12) atr -> VAR PRE NUMINT PRD PRE . NUMINT PRD
    (13) atr -> VAR PRE NUMINT PRD PRE . NUMINT PRD OPAT ABRIR_CH seqNumInt FECHAR_CH

    NUMINT          shift and go to state 108


state 98

    (11) atr -> VAR PRE NUMINT PRD OPAT . ABRIR_CH seqNumInt FECHAR_CH

    ABRIR_CH        shift and go to state 109


state 99

    (33) fator -> VAR PCE NUMINT PCD .
    (34) fator -> VAR PCE NUMINT PCD . PCE NUMINT PCD

    OPMUL           reduce using rule 33 (fator -> VAR PCE NUMINT PCD .)
    OPDIV           reduce using rule 33 (fator -> VAR PCE NUMINT PCD .)
    PV              reduce using rule 33 (fator -> VAR PCE NUMINT PCD .)
    OPAD            reduce using rule 33 (fator -> VAR PCE NUMINT PCD .)
    OPSUB           reduce using rule 33 (fator -> VAR PCE NUMINT PCD .)
    IGUAL           reduce using rule 33 (fator -> VAR PCE NUMINT PCD .)
    DIFF            reduce using rule 33 (fator -> VAR PCE NUMINT PCD .)
    LESS            reduce using rule 33 (fator -> VAR PCE NUMINT PCD .)
    GREATER         reduce using rule 33 (fator -> VAR PCE NUMINT PCD .)
    LEQ             reduce using rule 33 (fator -> VAR PCE NUMINT PCD .)
    GEQ             reduce using rule 33 (fator -> VAR PCE NUMINT PCD .)
    PCD             reduce using rule 33 (fator -> VAR PCE NUMINT PCD .)
    VIRG            reduce using rule 33 (fator -> VAR PCE NUMINT PCD .)
    PCE             shift and go to state 110


state 100

    (37) fator -> NOT PCE condicao PCD .

    OPMUL           reduce using rule 37 (fator -> NOT PCE condicao PCD .)
    OPDIV           reduce using rule 37 (fator -> NOT PCE condicao PCD .)
    PV              reduce using rule 37 (fator -> NOT PCE condicao PCD .)
    OPAD            reduce using rule 37 (fator -> NOT PCE condicao PCD .)
    OPSUB           reduce using rule 37 (fator -> NOT PCE condicao PCD .)
    IGUAL           reduce using rule 37 (fator -> NOT PCE condicao PCD .)
    DIFF            reduce using rule 37 (fator -> NOT PCE condicao PCD .)
    LESS            reduce using rule 37 (fator -> NOT PCE condicao PCD .)
    GREATER         reduce using rule 37 (fator -> NOT PCE condicao PCD .)
    LEQ             reduce using rule 37 (fator -> NOT PCE condicao PCD .)
    GEQ             reduce using rule 37 (fator -> NOT PCE condicao PCD .)
    PCD             reduce using rule 37 (fator -> NOT PCE condicao PCD .)
    VIRG            reduce using rule 37 (fator -> NOT PCE condicao PCD .)


state 101

    (22) instrucao -> VAR PCE NUMINT PCD PCE NUMINT . PCD OPAT operacao PV

    PCD             shift and go to state 111


state 102

    (21) instrucao -> VAR PCE NUMINT PCD OPAT operacao . PV
    (26) operacao -> operacao . OPAD termo
    (27) operacao -> operacao . OPSUB termo

    PV              shift and go to state 112
    OPAD            shift and go to state 59
    OPSUB           shift and go to state 60


state 103

    (47) condicao -> PCE condicao PCD OR . PCE condicao PCD

    PCE             shift and go to state 113


state 104

    (48) condicao -> PCE condicao PCD AND . PCE condicao PCD

    PCE             shift and go to state 114


state 105

    (39) ifelsestatement -> IF PCE condicao PCD ABRIR_CH corpo . FECHAR_CH ELSE ABRIR_CH corpo FECHAR_CH
    (16) corpo -> corpo . instrucao
    (18) instrucao -> . ifelsestatement
    (19) instrucao -> . print PV
    (20) instrucao -> . VAR OPAT operacao PV
    (21) instrucao -> . VAR PCE NUMINT PCD OPAT operacao PV
    (22) instrucao -> . VAR PCE NUMINT PCD PCE NUMINT PCD OPAT operacao PV
    (23) instrucao -> . tojump PV
    (24) instrucao -> . jumpto PV
    (39) ifelsestatement -> . IF PCE condicao PCD ABRIR_CH corpo FECHAR_CH ELSE ABRIR_CH corpo FECHAR_CH
    (51) print -> . PRINT PCE condicao PCD
    (49) tojump -> . MARK ABRIR_CH corpo FECHAR_CH IF PCE condicao PCD JUMP
    (50) jumpto -> . MARK IF PCE condicao PCD ABRIR_CH corpo FECHAR_CH JUMP

    FECHAR_CH       shift and go to state 115
    VAR             shift and go to state 14
    IF              shift and go to state 17
    PRINT           shift and go to state 18
    MARK            shift and go to state 19

    instrucao                      shift and go to state 11
    ifelsestatement                shift and go to state 12
    print                          shift and go to state 13
    tojump                         shift and go to state 15
    jumpto                         shift and go to state 16

state 106

    (49) tojump -> MARK ABRIR_CH corpo FECHAR_CH IF PCE . condicao PCD JUMP
    (40) condicao -> . operacao
    (41) condicao -> . operacao IGUAL operacao
    (42) condicao -> . operacao DIFF operacao
    (43) condicao -> . operacao LESS operacao
    (44) condicao -> . operacao GREATER operacao
    (45) condicao -> . operacao LEQ operacao
    (46) condicao -> . operacao GEQ operacao
    (47) condicao -> . PCE condicao PCD OR PCE condicao PCD
    (48) condicao -> . PCE condicao PCD AND PCE condicao PCD
    (25) operacao -> . termo
    (26) operacao -> . operacao OPAD termo
    (27) operacao -> . operacao OPSUB termo
    (28) termo -> . fator
    (29) termo -> . termo OPMUL fator
    (30) termo -> . termo OPDIV fator
    (31) fator -> . NUMINT
    (32) fator -> . VAR
    (33) fator -> . VAR PCE NUMINT PCD
    (34) fator -> . VAR PCE NUMINT PCD PCE NUMINT PCD
    (35) fator -> . bool
    (36) fator -> . PAL
    (37) fator -> . NOT PCE condicao PCD
    (38) fator -> . LER PCE PCD
    (52) bool -> . TRUE
    (53) bool -> . FALSE

    PCE             shift and go to state 48
    NUMINT          shift and go to state 40
    VAR             shift and go to state 36
    PAL             shift and go to state 42
    NOT             shift and go to state 43
    LER             shift and go to state 44
    TRUE            shift and go to state 45
    FALSE           shift and go to state 46

    condicao                       shift and go to state 116
    operacao                       shift and go to state 50
    termo                          shift and go to state 38
    fator                          shift and go to state 39
    bool                           shift and go to state 41

state 107

    (50) jumpto -> MARK IF PCE condicao PCD ABRIR_CH . corpo FECHAR_CH JUMP
    (16) corpo -> . corpo instrucao
    (17) corpo -> .

    FECHAR_CH       reduce using rule 17 (corpo -> .)
    VAR             reduce using rule 17 (corpo -> .)
    IF              reduce using rule 17 (corpo -> .)
    PRINT           reduce using rule 17 (corpo -> .)
    MARK            reduce using rule 17 (corpo -> .)

    corpo                          shift and go to state 117

state 108

    (12) atr -> VAR PRE NUMINT PRD PRE NUMINT . PRD
    (13) atr -> VAR PRE NUMINT PRD PRE NUMINT . PRD OPAT ABRIR_CH seqNumInt FECHAR_CH

    PRD             shift and go to state 118


state 109

    (11) atr -> VAR PRE NUMINT PRD OPAT ABRIR_CH . seqNumInt FECHAR_CH
    (14) seqNumInt -> . NUMINT
    (15) seqNumInt -> . NUMINT VIRG seqNumInt

    NUMINT          shift and go to state 119

    seqNumInt                      shift and go to state 120

state 110

    (34) fator -> VAR PCE NUMINT PCD PCE . NUMINT PCD

    NUMINT          shift and go to state 121


state 111

    (22) instrucao -> VAR PCE NUMINT PCD PCE NUMINT PCD . OPAT operacao PV

    OPAT            shift and go to state 122


state 112

    (21) instrucao -> VAR PCE NUMINT PCD OPAT operacao PV .

    VAR             reduce using rule 21 (instrucao -> VAR PCE NUMINT PCD OPAT operacao PV .)
    IF              reduce using rule 21 (instrucao -> VAR PCE NUMINT PCD OPAT operacao PV .)
    PRINT           reduce using rule 21 (instrucao -> VAR PCE NUMINT PCD OPAT operacao PV .)
    MARK            reduce using rule 21 (instrucao -> VAR PCE NUMINT PCD OPAT operacao PV .)
    $end            reduce using rule 21 (instrucao -> VAR PCE NUMINT PCD OPAT operacao PV .)
    FECHAR_CH       reduce using rule 21 (instrucao -> VAR PCE NUMINT PCD OPAT operacao PV .)


state 113

    (47) condicao -> PCE condicao PCD OR PCE . condicao PCD
    (40) condicao -> . operacao
    (41) condicao -> . operacao IGUAL operacao
    (42) condicao -> . operacao DIFF operacao
    (43) condicao -> . operacao LESS operacao
    (44) condicao -> . operacao GREATER operacao
    (45) condicao -> . operacao LEQ operacao
    (46) condicao -> . operacao GEQ operacao
    (47) condicao -> . PCE condicao PCD OR PCE condicao PCD
    (48) condicao -> . PCE condicao PCD AND PCE condicao PCD
    (25) operacao -> . termo
    (26) operacao -> . operacao OPAD termo
    (27) operacao -> . operacao OPSUB termo
    (28) termo -> . fator
    (29) termo -> . termo OPMUL fator
    (30) termo -> . termo OPDIV fator
    (31) fator -> . NUMINT
    (32) fator -> . VAR
    (33) fator -> . VAR PCE NUMINT PCD
    (34) fator -> . VAR PCE NUMINT PCD PCE NUMINT PCD
    (35) fator -> . bool
    (36) fator -> . PAL
    (37) fator -> . NOT PCE condicao PCD
    (38) fator -> . LER PCE PCD
    (52) bool -> . TRUE
    (53) bool -> . FALSE

    PCE             shift and go to state 48
    NUMINT          shift and go to state 40
    VAR             shift and go to state 36
    PAL             shift and go to state 42
    NOT             shift and go to state 43
    LER             shift and go to state 44
    TRUE            shift and go to state 45
    FALSE           shift and go to state 46

    condicao                       shift and go to state 123
    operacao                       shift and go to state 50
    termo                          shift and go to state 38
    fator                          shift and go to state 39
    bool                           shift and go to state 41

state 114

    (48) condicao -> PCE condicao PCD AND PCE . condicao PCD
    (40) condicao -> . operacao
    (41) condicao -> . operacao IGUAL operacao
    (42) condicao -> . operacao DIFF operacao
    (43) condicao -> . operacao LESS operacao
    (44) condicao -> . operacao GREATER operacao
    (45) condicao -> . operacao LEQ operacao
    (46) condicao -> . operacao GEQ operacao
    (47) condicao -> . PCE condicao PCD OR PCE condicao PCD
    (48) condicao -> . PCE condicao PCD AND PCE condicao PCD
    (25) operacao -> . termo
    (26) operacao -> . operacao OPAD termo
    (27) operacao -> . operacao OPSUB termo
    (28) termo -> . fator
    (29) termo -> . termo OPMUL fator
    (30) termo -> . termo OPDIV fator
    (31) fator -> . NUMINT
    (32) fator -> . VAR
    (33) fator -> . VAR PCE NUMINT PCD
    (34) fator -> . VAR PCE NUMINT PCD PCE NUMINT PCD
    (35) fator -> . bool
    (36) fator -> . PAL
    (37) fator -> . NOT PCE condicao PCD
    (38) fator -> . LER PCE PCD
    (52) bool -> . TRUE
    (53) bool -> . FALSE

    PCE             shift and go to state 48
    NUMINT          shift and go to state 40
    VAR             shift and go to state 36
    PAL             shift and go to state 42
    NOT             shift and go to state 43
    LER             shift and go to state 44
    TRUE            shift and go to state 45
    FALSE           shift and go to state 46

    condicao                       shift and go to state 124
    operacao                       shift and go to state 50
    termo                          shift and go to state 38
    fator                          shift and go to state 39
    bool                           shift and go to state 41

state 115

    (39) ifelsestatement -> IF PCE condicao PCD ABRIR_CH corpo FECHAR_CH . ELSE ABRIR_CH corpo FECHAR_CH

    ELSE            shift and go to state 125


state 116

    (49) tojump -> MARK ABRIR_CH corpo FECHAR_CH IF PCE condicao . PCD JUMP

    PCD             shift and go to state 126


state 117

    (50) jumpto -> MARK IF PCE condicao PCD ABRIR_CH corpo . FECHAR_CH JUMP
    (16) corpo -> corpo . instrucao
    (18) instrucao -> . ifelsestatement
    (19) instrucao -> . print PV
    (20) instrucao -> . VAR OPAT operacao PV
    (21) instrucao -> . VAR PCE NUMINT PCD OPAT operacao PV
    (22) instrucao -> . VAR PCE NUMINT PCD PCE NUMINT PCD OPAT operacao PV
    (23) instrucao -> . tojump PV
    (24) instrucao -> . jumpto PV
    (39) ifelsestatement -> . IF PCE condicao PCD ABRIR_CH corpo FECHAR_CH ELSE ABRIR_CH corpo FECHAR_CH
    (51) print -> . PRINT PCE condicao PCD
    (49) tojump -> . MARK ABRIR_CH corpo FECHAR_CH IF PCE condicao PCD JUMP
    (50) jumpto -> . MARK IF PCE condicao PCD ABRIR_CH corpo FECHAR_CH JUMP

    FECHAR_CH       shift and go to state 127
    VAR             shift and go to state 14
    IF              shift and go to state 17
    PRINT           shift and go to state 18
    MARK            shift and go to state 19

    instrucao                      shift and go to state 11
    ifelsestatement                shift and go to state 12
    print                          shift and go to state 13
    tojump                         shift and go to state 15
    jumpto                         shift and go to state 16

state 118

    (12) atr -> VAR PRE NUMINT PRD PRE NUMINT PRD .
    (13) atr -> VAR PRE NUMINT PRD PRE NUMINT PRD . OPAT ABRIR_CH seqNumInt FECHAR_CH

    VIRG            reduce using rule 12 (atr -> VAR PRE NUMINT PRD PRE NUMINT PRD .)
    PV              reduce using rule 12 (atr -> VAR PRE NUMINT PRD PRE NUMINT PRD .)
    OPAT            shift and go to state 128


state 119

    (14) seqNumInt -> NUMINT .
    (15) seqNumInt -> NUMINT . VIRG seqNumInt

    FECHAR_CH       reduce using rule 14 (seqNumInt -> NUMINT .)
    VIRG            shift and go to state 129


state 120

    (11) atr -> VAR PRE NUMINT PRD OPAT ABRIR_CH seqNumInt . FECHAR_CH

    FECHAR_CH       shift and go to state 130


state 121

    (34) fator -> VAR PCE NUMINT PCD PCE NUMINT . PCD

    PCD             shift and go to state 131


state 122

    (22) instrucao -> VAR PCE NUMINT PCD PCE NUMINT PCD OPAT . operacao PV
    (25) operacao -> . termo
    (26) operacao -> . operacao OPAD termo
    (27) operacao -> . operacao OPSUB termo
    (28) termo -> . fator
    (29) termo -> . termo OPMUL fator
    (30) termo -> . termo OPDIV fator
    (31) fator -> . NUMINT
    (32) fator -> . VAR
    (33) fator -> . VAR PCE NUMINT PCD
    (34) fator -> . VAR PCE NUMINT PCD PCE NUMINT PCD
    (35) fator -> . bool
    (36) fator -> . PAL
    (37) fator -> . NOT PCE condicao PCD
    (38) fator -> . LER PCE PCD
    (52) bool -> . TRUE
    (53) bool -> . FALSE

    NUMINT          shift and go to state 40
    VAR             shift and go to state 36
    PAL             shift and go to state 42
    NOT             shift and go to state 43
    LER             shift and go to state 44
    TRUE            shift and go to state 45
    FALSE           shift and go to state 46

    operacao                       shift and go to state 132
    termo                          shift and go to state 38
    fator                          shift and go to state 39
    bool                           shift and go to state 41

state 123

    (47) condicao -> PCE condicao PCD OR PCE condicao . PCD

    PCD             shift and go to state 133


state 124

    (48) condicao -> PCE condicao PCD AND PCE condicao . PCD

    PCD             shift and go to state 134


state 125

    (39) ifelsestatement -> IF PCE condicao PCD ABRIR_CH corpo FECHAR_CH ELSE . ABRIR_CH corpo FECHAR_CH

    ABRIR_CH        shift and go to state 135


state 126

    (49) tojump -> MARK ABRIR_CH corpo FECHAR_CH IF PCE condicao PCD . JUMP

    JUMP            shift and go to state 136


state 127

    (50) jumpto -> MARK IF PCE condicao PCD ABRIR_CH corpo FECHAR_CH . JUMP

    JUMP            shift and go to state 137


state 128

    (13) atr -> VAR PRE NUMINT PRD PRE NUMINT PRD OPAT . ABRIR_CH seqNumInt FECHAR_CH

    ABRIR_CH        shift and go to state 138


state 129

    (15) seqNumInt -> NUMINT VIRG . seqNumInt
    (14) seqNumInt -> . NUMINT
    (15) seqNumInt -> . NUMINT VIRG seqNumInt

    NUMINT          shift and go to state 119

    seqNumInt                      shift and go to state 139

state 130

    (11) atr -> VAR PRE NUMINT PRD OPAT ABRIR_CH seqNumInt FECHAR_CH .

    VIRG            reduce using rule 11 (atr -> VAR PRE NUMINT PRD OPAT ABRIR_CH seqNumInt FECHAR_CH .)
    PV              reduce using rule 11 (atr -> VAR PRE NUMINT PRD OPAT ABRIR_CH seqNumInt FECHAR_CH .)


state 131

    (34) fator -> VAR PCE NUMINT PCD PCE NUMINT PCD .

    OPMUL           reduce using rule 34 (fator -> VAR PCE NUMINT PCD PCE NUMINT PCD .)
    OPDIV           reduce using rule 34 (fator -> VAR PCE NUMINT PCD PCE NUMINT PCD .)
    PV              reduce using rule 34 (fator -> VAR PCE NUMINT PCD PCE NUMINT PCD .)
    OPAD            reduce using rule 34 (fator -> VAR PCE NUMINT PCD PCE NUMINT PCD .)
    OPSUB           reduce using rule 34 (fator -> VAR PCE NUMINT PCD PCE NUMINT PCD .)
    IGUAL           reduce using rule 34 (fator -> VAR PCE NUMINT PCD PCE NUMINT PCD .)
    DIFF            reduce using rule 34 (fator -> VAR PCE NUMINT PCD PCE NUMINT PCD .)
    LESS            reduce using rule 34 (fator -> VAR PCE NUMINT PCD PCE NUMINT PCD .)
    GREATER         reduce using rule 34 (fator -> VAR PCE NUMINT PCD PCE NUMINT PCD .)
    LEQ             reduce using rule 34 (fator -> VAR PCE NUMINT PCD PCE NUMINT PCD .)
    GEQ             reduce using rule 34 (fator -> VAR PCE NUMINT PCD PCE NUMINT PCD .)
    PCD             reduce using rule 34 (fator -> VAR PCE NUMINT PCD PCE NUMINT PCD .)
    VIRG            reduce using rule 34 (fator -> VAR PCE NUMINT PCD PCE NUMINT PCD .)


state 132

    (22) instrucao -> VAR PCE NUMINT PCD PCE NUMINT PCD OPAT operacao . PV
    (26) operacao -> operacao . OPAD termo
    (27) operacao -> operacao . OPSUB termo

    PV              shift and go to state 140
    OPAD            shift and go to state 59
    OPSUB           shift and go to state 60


state 133

    (47) condicao -> PCE condicao PCD OR PCE condicao PCD .

    PCD             reduce using rule 47 (condicao -> PCE condicao PCD OR PCE condicao PCD .)


state 134

    (48) condicao -> PCE condicao PCD AND PCE condicao PCD .

    PCD             reduce using rule 48 (condicao -> PCE condicao PCD AND PCE condicao PCD .)


state 135

    (39) ifelsestatement -> IF PCE condicao PCD ABRIR_CH corpo FECHAR_CH ELSE ABRIR_CH . corpo FECHAR_CH
    (16) corpo -> . corpo instrucao
    (17) corpo -> .

    FECHAR_CH       reduce using rule 17 (corpo -> .)
    VAR             reduce using rule 17 (corpo -> .)
    IF              reduce using rule 17 (corpo -> .)
    PRINT           reduce using rule 17 (corpo -> .)
    MARK            reduce using rule 17 (corpo -> .)

    corpo                          shift and go to state 141

state 136

    (49) tojump -> MARK ABRIR_CH corpo FECHAR_CH IF PCE condicao PCD JUMP .

    PV              reduce using rule 49 (tojump -> MARK ABRIR_CH corpo FECHAR_CH IF PCE condicao PCD JUMP .)


state 137

    (50) jumpto -> MARK IF PCE condicao PCD ABRIR_CH corpo FECHAR_CH JUMP .

    PV              reduce using rule 50 (jumpto -> MARK IF PCE condicao PCD ABRIR_CH corpo FECHAR_CH JUMP .)


state 138

    (13) atr -> VAR PRE NUMINT PRD PRE NUMINT PRD OPAT ABRIR_CH . seqNumInt FECHAR_CH
    (14) seqNumInt -> . NUMINT
    (15) seqNumInt -> . NUMINT VIRG seqNumInt

    NUMINT          shift and go to state 119

    seqNumInt                      shift and go to state 142

state 139

    (15) seqNumInt -> NUMINT VIRG seqNumInt .

    FECHAR_CH       reduce using rule 15 (seqNumInt -> NUMINT VIRG seqNumInt .)


state 140

    (22) instrucao -> VAR PCE NUMINT PCD PCE NUMINT PCD OPAT operacao PV .

    VAR             reduce using rule 22 (instrucao -> VAR PCE NUMINT PCD PCE NUMINT PCD OPAT operacao PV .)
    IF              reduce using rule 22 (instrucao -> VAR PCE NUMINT PCD PCE NUMINT PCD OPAT operacao PV .)
    PRINT           reduce using rule 22 (instrucao -> VAR PCE NUMINT PCD PCE NUMINT PCD OPAT operacao PV .)
    MARK            reduce using rule 22 (instrucao -> VAR PCE NUMINT PCD PCE NUMINT PCD OPAT operacao PV .)
    $end            reduce using rule 22 (instrucao -> VAR PCE NUMINT PCD PCE NUMINT PCD OPAT operacao PV .)
    FECHAR_CH       reduce using rule 22 (instrucao -> VAR PCE NUMINT PCD PCE NUMINT PCD OPAT operacao PV .)


state 141

    (39) ifelsestatement -> IF PCE condicao PCD ABRIR_CH corpo FECHAR_CH ELSE ABRIR_CH corpo . FECHAR_CH
    (16) corpo -> corpo . instrucao
    (18) instrucao -> . ifelsestatement
    (19) instrucao -> . print PV
    (20) instrucao -> . VAR OPAT operacao PV
    (21) instrucao -> . VAR PCE NUMINT PCD OPAT operacao PV
    (22) instrucao -> . VAR PCE NUMINT PCD PCE NUMINT PCD OPAT operacao PV
    (23) instrucao -> . tojump PV
    (24) instrucao -> . jumpto PV
    (39) ifelsestatement -> . IF PCE condicao PCD ABRIR_CH corpo FECHAR_CH ELSE ABRIR_CH corpo FECHAR_CH
    (51) print -> . PRINT PCE condicao PCD
    (49) tojump -> . MARK ABRIR_CH corpo FECHAR_CH IF PCE condicao PCD JUMP
    (50) jumpto -> . MARK IF PCE condicao PCD ABRIR_CH corpo FECHAR_CH JUMP

    FECHAR_CH       shift and go to state 143
    VAR             shift and go to state 14
    IF              shift and go to state 17
    PRINT           shift and go to state 18
    MARK            shift and go to state 19

    instrucao                      shift and go to state 11
    ifelsestatement                shift and go to state 12
    print                          shift and go to state 13
    tojump                         shift and go to state 15
    jumpto                         shift and go to state 16

state 142

    (13) atr -> VAR PRE NUMINT PRD PRE NUMINT PRD OPAT ABRIR_CH seqNumInt . FECHAR_CH

    FECHAR_CH       shift and go to state 144


state 143

    (39) ifelsestatement -> IF PCE condicao PCD ABRIR_CH corpo FECHAR_CH ELSE ABRIR_CH corpo FECHAR_CH .

    VAR             reduce using rule 39 (ifelsestatement -> IF PCE condicao PCD ABRIR_CH corpo FECHAR_CH ELSE ABRIR_CH corpo FECHAR_CH .)
    IF              reduce using rule 39 (ifelsestatement -> IF PCE condicao PCD ABRIR_CH corpo FECHAR_CH ELSE ABRIR_CH corpo FECHAR_CH .)
    PRINT           reduce using rule 39 (ifelsestatement -> IF PCE condicao PCD ABRIR_CH corpo FECHAR_CH ELSE ABRIR_CH corpo FECHAR_CH .)
    MARK            reduce using rule 39 (ifelsestatement -> IF PCE condicao PCD ABRIR_CH corpo FECHAR_CH ELSE ABRIR_CH corpo FECHAR_CH .)
    $end            reduce using rule 39 (ifelsestatement -> IF PCE condicao PCD ABRIR_CH corpo FECHAR_CH ELSE ABRIR_CH corpo FECHAR_CH .)
    FECHAR_CH       reduce using rule 39 (ifelsestatement -> IF PCE condicao PCD ABRIR_CH corpo FECHAR_CH ELSE ABRIR_CH corpo FECHAR_CH .)


state 144

    (13) atr -> VAR PRE NUMINT PRD PRE NUMINT PRD OPAT ABRIR_CH seqNumInt FECHAR_CH .

    VIRG            reduce using rule 13 (atr -> VAR PRE NUMINT PRD PRE NUMINT PRD OPAT ABRIR_CH seqNumInt FECHAR_CH .)
    PV              reduce using rule 13 (atr -> VAR PRE NUMINT PRD PRE NUMINT PRD OPAT ABRIR_CH seqNumInt FECHAR_CH .)

